<?xml version="1.0" encoding="UTF-8"?>
<!-- Generated by org.testng.reporters.JUnitReportReporter -->
<testsuite skipped="0" hostname="LAPTOP-O5DB2KI7" name="sampleTest1.SampleTest" tests="1" failures="0" timestamp="26 Jan 2022 09:29:03 GMT" time="14.893" errors="0">
  <testcase name="googleTest" time="14.893" classname="sampleTest1.SampleTest"/>
</testsuite> <!-- sampleTest1.SampleTest -->
